{
  "/Users/smey/Documents/SABAICODE-BOOTCAMP-5/components-storybook/app/components/Atomic/DashboardCard.tsx": {
    "path": "/Users/smey/Documents/SABAICODE-BOOTCAMP-5/components-storybook/app/components/Atomic/DashboardCard.tsx",
    "statementMap": {
      "0": {
        "start": {
          "line": 11,
          "column": 52
        },
        "end": {
          "line": 27,
          "column": null
        }
      },
      "1": {
        "start": {
          "line": 11,
          "column": 6
        },
        "end": {
          "line": 11,
          "column": 52
        }
      }
    },
    "fnMap": {
      "0": {
        "name": "(anonymous_0)",
        "decl": {
          "start": {
            "line": 11,
            "column": 52
          },
          "end": {
            "line": 11,
            "column": 53
          }
        },
        "loc": {
          "start": {
            "line": 17,
            "column": 1
          },
          "end": {
            "line": 27,
            "column": null
          }
        }
      }
    },
    "branchMap": {},
    "s": {
      "0": 3,
      "1": 3
    },
    "f": {
      "0": 5
    },
    "b": {}
  },
  "/Users/smey/Documents/SABAICODE-BOOTCAMP-5/components-storybook/app/components/Atomic/Icons.tsx": {
    "path": "/Users/smey/Documents/SABAICODE-BOOTCAMP-5/components-storybook/app/components/Atomic/Icons.tsx",
    "statementMap": {
      "0": {
        "start": {
          "line": 3,
          "column": 14
        },
        "end": {
          "line": 36,
          "column": null
        }
      },
      "1": {
        "start": {
          "line": 3,
          "column": 6
        },
        "end": {
          "line": 3,
          "column": 14
        }
      }
    },
    "fnMap": {
      "0": {
        "name": "(anonymous_0)",
        "decl": {
          "start": {
            "line": 3,
            "column": 14
          },
          "end": {
            "line": 3,
            "column": null
          }
        },
        "loc": {
          "start": {
            "line": 3,
            "column": 14
          },
          "end": {
            "line": 36,
            "column": null
          }
        }
      }
    },
    "branchMap": {},
    "s": {
      "0": 3,
      "1": 3
    },
    "f": {
      "0": 8
    },
    "b": {}
  },
  "/Users/smey/Documents/SABAICODE-BOOTCAMP-5/components-storybook/app/components/Card-Design/SimpleCard.tsx": {
    "path": "/Users/smey/Documents/SABAICODE-BOOTCAMP-5/components-storybook/app/components/Card-Design/SimpleCard.tsx",
    "statementMap": {
      "0": {
        "start": {
          "line": 12,
          "column": 21
        },
        "end": {
          "line": 17,
          "column": null
        }
      },
      "1": {
        "start": {
          "line": 13,
          "column": 2
        },
        "end": {
          "line": 15,
          "column": null
        }
      },
      "2": {
        "start": {
          "line": 14,
          "column": 4
        },
        "end": {
          "line": 14,
          "column": null
        }
      },
      "3": {
        "start": {
          "line": 16,
          "column": 2
        },
        "end": {
          "line": 16,
          "column": null
        }
      },
      "4": {
        "start": {
          "line": 19,
          "column": 46
        },
        "end": {
          "line": 49,
          "column": null
        }
      },
      "5": {
        "start": {
          "line": 26,
          "column": 31
        },
        "end": {
          "line": 26,
          "column": null
        }
      },
      "6": {
        "start": {
          "line": 19,
          "column": 6
        },
        "end": {
          "line": 19,
          "column": 46
        }
      }
    },
    "fnMap": {
      "0": {
        "name": "(anonymous_0)",
        "decl": {
          "start": {
            "line": 12,
            "column": 21
          },
          "end": {
            "line": 12,
            "column": 22
          }
        },
        "loc": {
          "start": {
            "line": 12,
            "column": 36
          },
          "end": {
            "line": 17,
            "column": null
          }
        }
      },
      "1": {
        "name": "(anonymous_1)",
        "decl": {
          "start": {
            "line": 19,
            "column": 46
          },
          "end": {
            "line": 19,
            "column": 47
          }
        },
        "loc": {
          "start": {
            "line": 25,
            "column": 1
          },
          "end": {
            "line": 49,
            "column": null
          }
        }
      }
    },
    "branchMap": {
      "0": {
        "loc": {
          "start": {
            "line": 13,
            "column": 2
          },
          "end": {
            "line": 15,
            "column": null
          }
        },
        "type": "if",
        "locations": [
          {
            "start": {
              "line": 13,
              "column": 2
            },
            "end": {
              "line": 15,
              "column": null
            }
          }
        ]
      }
    },
    "s": {
      "0": 3,
      "1": 5,
      "2": 0,
      "3": 5,
      "4": 3,
      "5": 5,
      "6": 3
    },
    "f": {
      "0": 5,
      "1": 5
    },
    "b": {
      "0": [
        0
      ]
    }
  },
  "/Users/smey/Documents/SABAICODE-BOOTCAMP-5/components-storybook/app/components/LoginForm.tsx": {
    "path": "/Users/smey/Documents/SABAICODE-BOOTCAMP-5/components-storybook/app/components/LoginForm.tsx",
    "statementMap": {
      "0": {
        "start": {
          "line": 4,
          "column": 25
        },
        "end": {
          "line": 61,
          "column": 2
        }
      },
      "1": {
        "start": {
          "line": 5,
          "column": 28
        },
        "end": {
          "line": 5,
          "column": null
        }
      },
      "2": {
        "start": {
          "line": 6,
          "column": 34
        },
        "end": {
          "line": 6,
          "column": null
        }
      },
      "3": {
        "start": {
          "line": 8,
          "column": 23
        },
        "end": {
          "line": 11,
          "column": null
        }
      },
      "4": {
        "start": {
          "line": 9,
          "column": 4
        },
        "end": {
          "line": 9,
          "column": null
        }
      },
      "5": {
        "start": {
          "line": 10,
          "column": 4
        },
        "end": {
          "line": 10,
          "column": null
        }
      },
      "6": {
        "start": {
          "line": 30,
          "column": 27
        },
        "end": {
          "line": 30,
          "column": null
        }
      },
      "7": {
        "start": {
          "line": 47,
          "column": 27
        },
        "end": {
          "line": 47,
          "column": null
        }
      },
      "8": {
        "start": {
          "line": 4,
          "column": 13
        },
        "end": {
          "line": 4,
          "column": 25
        }
      }
    },
    "fnMap": {
      "0": {
        "name": "(anonymous_0)",
        "decl": {
          "start": {
            "line": 4,
            "column": 25
          },
          "end": {
            "line": 4,
            "column": null
          }
        },
        "loc": {
          "start": {
            "line": 4,
            "column": 25
          },
          "end": {
            "line": 61,
            "column": 2
          }
        }
      },
      "1": {
        "name": "(anonymous_1)",
        "decl": {
          "start": {
            "line": 8,
            "column": 23
          },
          "end": {
            "line": 8,
            "column": 24
          }
        },
        "loc": {
          "start": {
            "line": 8,
            "column": 24
          },
          "end": {
            "line": 11,
            "column": null
          }
        }
      },
      "2": {
        "name": "(anonymous_2)",
        "decl": {
          "start": {
            "line": 30,
            "column": 20
          },
          "end": {
            "line": 30,
            "column": 21
          }
        },
        "loc": {
          "start": {
            "line": 30,
            "column": 27
          },
          "end": {
            "line": 30,
            "column": null
          }
        }
      },
      "3": {
        "name": "(anonymous_3)",
        "decl": {
          "start": {
            "line": 47,
            "column": 20
          },
          "end": {
            "line": 47,
            "column": 21
          }
        },
        "loc": {
          "start": {
            "line": 47,
            "column": 27
          },
          "end": {
            "line": 47,
            "column": null
          }
        }
      }
    },
    "branchMap": {},
    "s": {
      "0": 2,
      "1": 38,
      "2": 38,
      "3": 38,
      "4": 1,
      "5": 1,
      "6": 18,
      "7": 17,
      "8": 4
    },
    "f": {
      "0": 38,
      "1": 1,
      "2": 18,
      "3": 17
    },
    "b": {}
  },
  "/Users/smey/Documents/SABAICODE-BOOTCAMP-5/components-storybook/app/components/Atomic/ButtonGradient.tsx": {
    "path": "/Users/smey/Documents/SABAICODE-BOOTCAMP-5/components-storybook/app/components/Atomic/ButtonGradient.tsx",
    "statementMap": {
      "0": {
        "start": {
          "line": 9,
          "column": 54
        },
        "end": {
          "line": 20,
          "column": null
        }
      },
      "1": {
        "start": {
          "line": 9,
          "column": 6
        },
        "end": {
          "line": 9,
          "column": 54
        }
      }
    },
    "fnMap": {
      "0": {
        "name": "(anonymous_0)",
        "decl": {
          "start": {
            "line": 9,
            "column": 54
          },
          "end": {
            "line": 9,
            "column": 55
          }
        },
        "loc": {
          "start": {
            "line": 9,
            "column": 72
          },
          "end": {
            "line": 20,
            "column": null
          }
        }
      }
    },
    "branchMap": {},
    "s": {
      "0": 3,
      "1": 3
    },
    "f": {
      "0": 5
    },
    "b": {}
  },
  "/Users/smey/Documents/SABAICODE-BOOTCAMP-5/components-storybook/app/components/Atomic/PaginationButton.tsx": {
    "path": "/Users/smey/Documents/SABAICODE-BOOTCAMP-5/components-storybook/app/components/Atomic/PaginationButton.tsx",
    "statementMap": {
      "0": {
        "start": {
          "line": 9,
          "column": 58
        },
        "end": {
          "line": 26,
          "column": null
        }
      },
      "1": {
        "start": {
          "line": 21,
          "column": 21
        },
        "end": {
          "line": 21,
          "column": null
        }
      },
      "2": {
        "start": {
          "line": 9,
          "column": 6
        },
        "end": {
          "line": 9,
          "column": 58
        }
      }
    },
    "fnMap": {
      "0": {
        "name": "(anonymous_0)",
        "decl": {
          "start": {
            "line": 9,
            "column": 58
          },
          "end": {
            "line": 9,
            "column": 59
          }
        },
        "loc": {
          "start": {
            "line": 13,
            "column": 1
          },
          "end": {
            "line": 26,
            "column": null
          }
        }
      },
      "1": {
        "name": "(anonymous_1)",
        "decl": {
          "start": {
            "line": 21,
            "column": 15
          },
          "end": {
            "line": 21,
            "column": 21
          }
        },
        "loc": {
          "start": {
            "line": 21,
            "column": 21
          },
          "end": {
            "line": 21,
            "column": null
          }
        }
      }
    },
    "branchMap": {
      "0": {
        "loc": {
          "start": {
            "line": 17,
            "column": 8
          },
          "end": {
            "line": 19,
            "column": null
          }
        },
        "type": "cond-expr",
        "locations": [
          {
            "start": {
              "line": 18,
              "column": 12
            },
            "end": {
              "line": 18,
              "column": null
            }
          },
          {
            "start": {
              "line": 19,
              "column": 12
            },
            "end": {
              "line": 19,
              "column": null
            }
          }
        ]
      }
    },
    "s": {
      "0": 5,
      "1": 0,
      "2": 5
    },
    "f": {
      "0": 15,
      "1": 0
    },
    "b": {
      "0": [
        4,
        11
      ]
    }
  },
  "/Users/smey/Documents/SABAICODE-BOOTCAMP-5/components-storybook/app/components/CardProduct.tsx": {
    "path": "/Users/smey/Documents/SABAICODE-BOOTCAMP-5/components-storybook/app/components/CardProduct.tsx",
    "statementMap": {
      "0": {
        "start": {
          "line": 19,
          "column": 42
        },
        "end": {
          "line": 56,
          "column": null
        }
      },
      "1": {
        "start": {
          "line": 19,
          "column": 6
        },
        "end": {
          "line": 19,
          "column": 42
        }
      }
    },
    "fnMap": {
      "0": {
        "name": "(anonymous_0)",
        "decl": {
          "start": {
            "line": 19,
            "column": 42
          },
          "end": {
            "line": 19,
            "column": 43
          }
        },
        "loc": {
          "start": {
            "line": 19,
            "column": 54
          },
          "end": {
            "line": 56,
            "column": null
          }
        }
      }
    },
    "branchMap": {},
    "s": {
      "0": 2,
      "1": 2
    },
    "f": {
      "0": 2
    },
    "b": {}
  },
  "/Users/smey/Documents/SABAICODE-BOOTCAMP-5/components-storybook/app/components/Molecule/PaginationControls.tsx": {
    "path": "/Users/smey/Documents/SABAICODE-BOOTCAMP-5/components-storybook/app/components/Molecule/PaginationControls.tsx",
    "statementMap": {
      "0": {
        "start": {
          "line": 10,
          "column": 62
        },
        "end": {
          "line": 27,
          "column": null
        }
      },
      "1": {
        "start": {
          "line": 10,
          "column": 6
        },
        "end": {
          "line": 10,
          "column": 62
        }
      }
    },
    "fnMap": {
      "0": {
        "name": "(anonymous_0)",
        "decl": {
          "start": {
            "line": 10,
            "column": 62
          },
          "end": {
            "line": 10,
            "column": 63
          }
        },
        "loc": {
          "start": {
            "line": 14,
            "column": 1
          },
          "end": {
            "line": 27,
            "column": null
          }
        }
      }
    },
    "branchMap": {},
    "s": {
      "0": 2,
      "1": 2
    },
    "f": {
      "0": 2
    },
    "b": {}
  },
  "/Users/smey/Documents/SABAICODE-BOOTCAMP-5/components-storybook/app/components/CardDetail.tsx": {
    "path": "/Users/smey/Documents/SABAICODE-BOOTCAMP-5/components-storybook/app/components/CardDetail.tsx",
    "statementMap": {
      "0": {
        "start": {
          "line": 10,
          "column": 54
        },
        "end": {
          "line": 33,
          "column": null
        }
      },
      "1": {
        "start": {
          "line": 10,
          "column": 6
        },
        "end": {
          "line": 10,
          "column": 54
        }
      }
    },
    "fnMap": {
      "0": {
        "name": "(anonymous_0)",
        "decl": {
          "start": {
            "line": 10,
            "column": 54
          },
          "end": {
            "line": 10,
            "column": 55
          }
        },
        "loc": {
          "start": {
            "line": 15,
            "column": 1
          },
          "end": {
            "line": 33,
            "column": null
          }
        }
      }
    },
    "branchMap": {},
    "s": {
      "0": 1,
      "1": 1
    },
    "f": {
      "0": 1
    },
    "b": {}
  }
}