TN:
SF:app/components/CardDetail.tsx
FN:10,(anonymous_0)
FNF:1
FNH:1
FNDA:1,(anonymous_0)
DA:10,1
LF:1
LH:1
BRF:0
BRH:0
end_of_record
TN:
SF:app/components/CardProduct.tsx
FN:19,(anonymous_0)
FNF:1
FNH:1
FNDA:2,(anonymous_0)
DA:19,2
LF:1
LH:1
BRF:0
BRH:0
end_of_record
TN:
SF:app/components/LoginForm.tsx
FN:4,(anonymous_0)
FN:8,(anonymous_1)
FN:30,(anonymous_2)
FN:47,(anonymous_3)
FNF:4
FNH:4
FNDA:38,(anonymous_0)
FNDA:1,(anonymous_1)
FNDA:18,(anonymous_2)
FNDA:17,(anonymous_3)
DA:4,4
DA:5,38
DA:6,38
DA:8,38
DA:9,1
DA:10,1
DA:30,18
DA:47,17
LF:8
LH:8
BRF:0
BRH:0
end_of_record
TN:
SF:app/components/Atomic/ButtonGradient.tsx
FN:9,(anonymous_0)
FNF:1
FNH:1
FNDA:5,(anonymous_0)
DA:9,3
LF:1
LH:1
BRF:0
BRH:0
end_of_record
TN:
SF:app/components/Atomic/DashboardCard.tsx
FN:11,(anonymous_0)
FNF:1
FNH:1
FNDA:5,(anonymous_0)
DA:11,3
LF:1
LH:1
BRF:0
BRH:0
end_of_record
TN:
SF:app/components/Atomic/Icons.tsx
FN:3,(anonymous_0)
FNF:1
FNH:1
FNDA:8,(anonymous_0)
DA:3,3
LF:1
LH:1
BRF:0
BRH:0
end_of_record
TN:
SF:app/components/Atomic/PaginationButton.tsx
FN:9,(anonymous_0)
FN:21,(anonymous_1)
FNF:2
FNH:1
FNDA:15,(anonymous_0)
FNDA:0,(anonymous_1)
DA:9,5
DA:21,0
LF:2
LH:1
BRDA:17,0,0,4
BRDA:17,0,1,11
BRF:2
BRH:2
end_of_record
TN:
SF:app/components/Card-Design/SimpleCard.tsx
FN:12,(anonymous_0)
FN:19,(anonymous_1)
FNF:2
FNH:2
FNDA:5,(anonymous_0)
FNDA:5,(anonymous_1)
DA:12,3
DA:13,5
DA:14,0
DA:16,5
DA:19,3
DA:26,5
LF:6
LH:5
BRDA:13,0,0,0
BRF:1
BRH:0
end_of_record
TN:
SF:app/components/Molecule/PaginationControls.tsx
FN:10,(anonymous_0)
FNF:1
FNH:1
FNDA:2,(anonymous_0)
DA:10,2
LF:1
LH:1
BRF:0
BRH:0
end_of_record
